[2014-05-02 21:14:52] name.WARNING: Foo [] []
[2014-05-02 21:14:52] name.ERROR: Bar [] []
[2014-05-02 21:15:12] name.WARNING: Foo [] []
[2014-05-02 21:15:12] name.ERROR: Bar [] []
[2014-05-02 21:16:26] .INFO: Bar [] []
[2014-05-02 21:16:34] Props_2.INFO: Bar [] []
[2014-05-02 21:16:54] Props_2.INFO: Bar [] []
[2014-05-02 21:18:49] Props_2.INFO: Adding a new user {"username":"Seldaek"} []
[2014-05-02 21:18:57] Props_2.INFO: Adding a new user {"username":"Seldaek"} []
[2014-05-02 21:19:05] Props_2.INFO: Adding a new user {"username":"Seldaek"} []
[2014-05-02 21:19:12] Props_2.INFO: Adding a new user {"username":"Seldaek"} []
[2014-05-02 21:19:22] Props_2.INFO: Adding a new user {"username":"Seldaek"} []
[2014-05-02 21:19:22] Props_2.INFO: Adding a new user {"username":"Seldaek"} []
[2014-05-02 21:19:22] Props_2.INFO: Adding a new user {"username":"Seldaek"} []
[2014-05-02 21:19:22] Props_2.INFO: Adding a new user {"username":"Seldaek"} []
[2014-05-02 21:19:22] Props_2.INFO: Adding a new user {"username":"Seldaek"} []
[2014-05-02 21:19:22] Props_2.INFO: Adding a new user {"username":"Seldaek"} []
[2014-05-02 21:19:22] Props_2.INFO: Adding a new user {"username":"Seldaek"} []
[2014-05-02 21:19:22] Props_2.INFO: Adding a new user {"username":"Seldaek"} []
[2014-05-02 21:19:22] Props_2.INFO: Adding a new user {"username":"Seldaek"} []
[2014-05-02 21:19:22] Props_2.INFO: Adding a new user {"username":"Seldaek"} []
[2014-05-02 21:19:22] Props_2.INFO: Adding a new user {"username":"Seldaek"} []
[2014-05-02 21:19:22] Props_2.INFO: Adding a new user {"username":"Seldaek"} []
[2014-05-02 21:19:22] Props_2.INFO: Adding a new user {"username":"Seldaek"} []
[2014-05-02 21:19:23] Props_2.INFO: Adding a new user {"username":"Seldaek"} []
[2014-05-02 21:19:23] Props_2.INFO: Adding a new user {"username":"Seldaek"} []
[2014-05-02 21:19:23] Props_2.INFO: Adding a new user {"username":"Seldaek"} []
[2014-05-02 21:19:23] Props_2.INFO: Adding a new user {"username":"Seldaek"} []
[2014-05-02 21:19:23] Props_2.INFO: Adding a new user {"username":"Seldaek"} []
[2014-05-02 21:19:23] Props_2.INFO: Adding a new user {"username":"Seldaek"} []
[2014-05-02 21:19:23] Props_2.INFO: Adding a new user {"username":"Seldaek"} []
[2014-05-02 21:19:23] Props_2.INFO: Adding a new user {"username":"Seldaek"} []
[2014-05-02 21:19:29] Props_2.INFO: Adding a new user {"username":"Seldaek"} []
[2014-05-02 21:19:31] Props_2.INFO: Adding a new user {"username":"Seldaek"} []
[2014-05-02 21:19:32] Props_2.INFO: Adding a new user {"username":"Seldaek"} []
[2014-05-02 21:20:51] Props_2.INFO: Adding a new user {"username":"Seldaek"} {"dummy":"Hello world!"}
[2014-05-02 21:20:59] Props_2.INFO: Adding a new user {"username":"Seldaek"} {"dummy":""}
[2014-05-02 21:21:13] Props_2.INFO: Adding a new user {"username":"Seldaek"} []
[2014 5 2, 9:26 pm] log.INFO: Adding a new user {"username":"Seldaek"}
[[%02pm31Europe/Berlin312705Europe/Berlin%]] log.INFO: Adding a new user {"username":"Seldaek"}
[[%02pm31Europe/Berlin312705Europe/Berlin%]] INFO: Adding a new user {"username":"Seldaek"}
%02pm31Europe/Berlin312705Europe/Berlin% INFO: Adding a new user {"username":"Seldaek"}
[%02pm31Europe/Berlin312705Europe/Berlin%] INFO: Adding a new user {"username":"Seldaek"}
[2014-5-2 9:29:pm] INFO: Adding a new user {"username":"Seldaek"}
[2014-05-02 21:30:13] log.INFO: Adding a new user {"username":"Seldaek"} []
[2014-05-02 21:31:48] log.INFO: Adding a new user {"username":"Seldaek"} []
[2014-05-02 21:31:51] log.INFO: Adding a new user {"username":"Seldaek"} []
[2014-05-02 21:34:28] log.INFO: foo bar [] []
[2014-05-02 21:34:53] log.INFO: Performing SQL query {"query":"foo bar"} []
[2014-05-02 21:35:42] log.INFO: Performing SQL query ["foo bar"] []
[2014-05-02 21:35:50] log.INFO: Performing SQL query foo bar [] []
[2014-05-02 21:36:00] log.INFO: Performing SQL query "foo bar" [] []
[2014-05-02 21:37:49] log.INFO: Performing SQL query "foo bar" [] []
[2014-05-02 21:38:34] log.INFO: Performing SQL query "foo bar" [] []
